<?xml version="1.0" encoding="UTF-8"?>
<robot generator="Robot 3.1.2 (Python 3.8.3 on win32)" generated="20200701 13:17:55.394" rpa="false">
<suite id="s1" name="Tests" source="C:\Users\Usuário Groove\Desktop\ze_qa_challenge\web\tests">
<suite id="s1-s1" name="Login" source="C:\Users\Usuário Groove\Desktop\ze_qa_challenge\web\tests\login.robot">
<test id="s1-s1-t1" name="Scenario: Login com sucesso">
<kw name="Run Keywords" library="BuiltIn" type="setup">
<doc>Executes all the given keywords in a sequence.</doc>
<arguments>
<arg>Start Browser</arg>
<arg>AND</arg>
<arg>Maximize Browser Window</arg>
<arg>AND</arg>
<arg>Click Age Gate Button Yes</arg>
<arg>AND</arg>
<arg>Dado que estou na página de login</arg>
</arguments>
<kw name="Start Browser" library="commons">
<kw name="Open Browser" library="SeleniumLibrary">
<doc>Opens a new browser instance to the optional ``url``.</doc>
<arguments>
<arg>${URL_HOME}</arg>
<arg>${BROWSER}</arg>
</arguments>
<msg timestamp="20200701 13:17:55.638" level="INFO">Opening browser 'chrome' to base url 'https://www.ze.delivery/'.</msg>
<status status="PASS" starttime="20200701 13:17:55.638" endtime="20200701 13:18:00.253"></status>
</kw>
<status status="PASS" starttime="20200701 13:17:55.637" endtime="20200701 13:18:00.253"></status>
</kw>
<kw name="Maximize Browser Window" library="SeleniumLibrary">
<doc>Maximizes current browser window.</doc>
<status status="PASS" starttime="20200701 13:18:00.254" endtime="20200701 13:18:02.385"></status>
</kw>
<kw name="Click Age Gate Button Yes" library="login">
<doc>Clicar no botão Sim do modal</doc>
<msg timestamp="20200701 13:18:02.404" level="INFO">Clicking button 'id=age-gate-button-yes'.</msg>
<status status="PASS" starttime="20200701 13:18:02.385" endtime="20200701 13:18:02.451"></status>
</kw>
<kw name="Dado que estou na página de login" library="login_kw">
<kw name="Click Enter Button" library="login">
<doc>Clicar no botão Entrar</doc>
<msg timestamp="20200701 13:18:02.945" level="INFO">Clicking button 'id=welcome-button-sign-in'.</msg>
<status status="PASS" starttime="20200701 13:18:02.452" endtime="20200701 13:18:03.002"></status>
</kw>
<status status="PASS" starttime="20200701 13:18:02.452" endtime="20200701 13:18:03.002"></status>
</kw>
<status status="PASS" starttime="20200701 13:17:55.637" endtime="20200701 13:18:03.002"></status>
</kw>
<kw name="Quando selecionar a opção entrar com e-mail" library="login_kw">
<kw name="Click Enter Create Email" library="login">
<doc>Clicar no botão Entrar Com E-mail</doc>
<msg timestamp="20200701 13:18:03.244" level="INFO">Clicking button 'id=login-home-email-button-sign-in'.</msg>
<status status="PASS" starttime="20200701 13:18:03.003" endtime="20200701 13:18:03.313"></status>
</kw>
<status status="PASS" starttime="20200701 13:18:03.003" endtime="20200701 13:18:03.313"></status>
</kw>
<kw name="E preencher email e senha" library="login_kw">
<kw name="Enter Email" library="login">
<doc>Inserir e-mail</doc>
<arguments>
<arg>${USER}</arg>
</arguments>
<msg timestamp="20200701 13:18:03.329" level="INFO">Typing text 'renata.31@hotmail.com' into text field 'id=login-mail-input-email'.</msg>
<status status="PASS" starttime="20200701 13:18:03.314" endtime="20200701 13:18:03.448"></status>
</kw>
<kw name="Enter Password" library="login">
<doc>Inserir senha</doc>
<arguments>
<arg>${PASS}</arg>
</arguments>
<msg timestamp="20200701 13:18:03.461" level="INFO">Typing text 'Teste123ze' into text field 'id=login-mail-input-password'.</msg>
<status status="PASS" starttime="20200701 13:18:03.448" endtime="20200701 13:18:03.549"></status>
</kw>
<status status="PASS" starttime="20200701 13:18:03.314" endtime="20200701 13:18:03.549"></status>
</kw>
<kw name="E clicar em Entrar" library="login_kw">
<kw name="Click Login Enter Button" library="login">
<doc>Clicar no botão Entrar</doc>
<msg timestamp="20200701 13:18:03.565" level="INFO">Clicking button 'id=login-mail-button-sign-in'.</msg>
<status status="PASS" starttime="20200701 13:18:03.550" endtime="20200701 13:18:03.630"></status>
</kw>
<status status="PASS" starttime="20200701 13:18:03.550" endtime="20200701 13:18:03.630"></status>
</kw>
<kw name="Então o login é efetuado com sucesso" library="login_kw">
<kw name="Sleep" library="BuiltIn">
<doc>Pauses the test executed for the given time.</doc>
<arguments>
<arg>3</arg>
</arguments>
<msg timestamp="20200701 13:18:06.632" level="INFO">Slept 3 seconds</msg>
<status status="PASS" starttime="20200701 13:18:03.631" endtime="20200701 13:18:06.632"></status>
</kw>
<kw name="Page Should Contain" library="SeleniumLibrary">
<doc>Verifies that current page contains ``text``.</doc>
<arguments>
<arg>Sucesso</arg>
</arguments>
<msg timestamp="20200701 13:18:06.645" level="INFO">Current page contains text 'Sucesso'.</msg>
<status status="PASS" starttime="20200701 13:18:06.632" endtime="20200701 13:18:06.645"></status>
</kw>
<status status="PASS" starttime="20200701 13:18:03.631" endtime="20200701 13:18:06.645"></status>
</kw>
<kw name="Run Keywords" library="BuiltIn" type="teardown">
<doc>Executes all the given keywords in a sequence.</doc>
<arguments>
<arg>Capture Page Screenshot</arg>
<arg>AND</arg>
<arg>Close Browser</arg>
</arguments>
<kw name="Capture Page Screenshot" library="SeleniumLibrary">
<doc>Takes a screenshot of the current page and embeds it into a log file.</doc>
<msg timestamp="20200701 13:18:06.959" level="INFO" html="yes">&lt;/td&gt;&lt;/tr&gt;&lt;tr&gt;&lt;td colspan="3"&gt;&lt;a href="selenium-screenshot-1.png"&gt;&lt;img src="selenium-screenshot-1.png" width="800px"&gt;&lt;/a&gt;</msg>
<status status="PASS" starttime="20200701 13:18:06.646" endtime="20200701 13:18:06.959"></status>
</kw>
<kw name="Close Browser" library="SeleniumLibrary">
<doc>Closes the current browser.</doc>
<status status="PASS" starttime="20200701 13:18:06.959" endtime="20200701 13:18:09.279"></status>
</kw>
<status status="PASS" starttime="20200701 13:18:06.646" endtime="20200701 13:18:09.280"></status>
</kw>
<tags>
<tag>login</tag>
<tag>login_com_sucesso</tag>
</tags>
<status status="PASS" starttime="20200701 13:17:55.637" endtime="20200701 13:18:09.282" critical="yes"></status>
</test>
<test id="s1-s1-t2" name="Scenario: Login com e-mail inválido">
<kw name="Run Keywords" library="BuiltIn" type="setup">
<doc>Executes all the given keywords in a sequence.</doc>
<arguments>
<arg>Start Browser</arg>
<arg>AND</arg>
<arg>Maximize Browser Window</arg>
<arg>AND</arg>
<arg>Click Age Gate Button Yes</arg>
<arg>AND</arg>
<arg>Dado que estou na página de login</arg>
</arguments>
<kw name="Start Browser" library="commons">
<kw name="Open Browser" library="SeleniumLibrary">
<doc>Opens a new browser instance to the optional ``url``.</doc>
<arguments>
<arg>${URL_HOME}</arg>
<arg>${BROWSER}</arg>
</arguments>
<msg timestamp="20200701 13:18:09.291" level="INFO">Opening browser 'chrome' to base url 'https://www.ze.delivery/'.</msg>
<status status="PASS" starttime="20200701 13:18:09.290" endtime="20200701 13:18:14.089"></status>
</kw>
<status status="PASS" starttime="20200701 13:18:09.290" endtime="20200701 13:18:14.089"></status>
</kw>
<kw name="Maximize Browser Window" library="SeleniumLibrary">
<doc>Maximizes current browser window.</doc>
<status status="PASS" starttime="20200701 13:18:14.089" endtime="20200701 13:18:16.204"></status>
</kw>
<kw name="Click Age Gate Button Yes" library="login">
<doc>Clicar no botão Sim do modal</doc>
<msg timestamp="20200701 13:18:16.223" level="INFO">Clicking button 'id=age-gate-button-yes'.</msg>
<status status="PASS" starttime="20200701 13:18:16.204" endtime="20200701 13:18:16.272"></status>
</kw>
<kw name="Dado que estou na página de login" library="login_kw">
<kw name="Click Enter Button" library="login">
<doc>Clicar no botão Entrar</doc>
<msg timestamp="20200701 13:18:16.721" level="INFO">Clicking button 'id=welcome-button-sign-in'.</msg>
<status status="PASS" starttime="20200701 13:18:16.272" endtime="20200701 13:18:16.775"></status>
</kw>
<status status="PASS" starttime="20200701 13:18:16.272" endtime="20200701 13:18:16.775"></status>
</kw>
<status status="PASS" starttime="20200701 13:18:09.289" endtime="20200701 13:18:16.775"></status>
</kw>
<kw name="Quando selecionar a opção entrar com e-mail" library="login_kw">
<kw name="Click Enter Create Email" library="login">
<doc>Clicar no botão Entrar Com E-mail</doc>
<msg timestamp="20200701 13:18:17.015" level="INFO">Clicking button 'id=login-home-email-button-sign-in'.</msg>
<status status="PASS" starttime="20200701 13:18:16.777" endtime="20200701 13:18:17.081"></status>
</kw>
<status status="PASS" starttime="20200701 13:18:16.776" endtime="20200701 13:18:17.081"></status>
</kw>
<kw name="E preencher email inválido com senha válida" library="login_kw">
<kw name="Enter Email" library="login">
<doc>Inserir e-mail</doc>
<arguments>
<arg>${INVALID_USER}</arg>
</arguments>
<msg timestamp="20200701 13:18:17.100" level="INFO">Typing text 'renata.41@hotmail.com' into text field 'id=login-mail-input-email'.</msg>
<status status="PASS" starttime="20200701 13:18:17.082" endtime="20200701 13:18:17.219"></status>
</kw>
<kw name="Enter Password" library="login">
<doc>Inserir senha</doc>
<arguments>
<arg>${PASS}</arg>
</arguments>
<msg timestamp="20200701 13:18:17.234" level="INFO">Typing text 'Teste123ze' into text field 'id=login-mail-input-password'.</msg>
<status status="PASS" starttime="20200701 13:18:17.220" endtime="20200701 13:18:17.320"></status>
</kw>
<status status="PASS" starttime="20200701 13:18:17.082" endtime="20200701 13:18:17.320"></status>
</kw>
<kw name="E clicar em Entrar" library="login_kw">
<kw name="Click Login Enter Button" library="login">
<doc>Clicar no botão Entrar</doc>
<msg timestamp="20200701 13:18:17.335" level="INFO">Clicking button 'id=login-mail-button-sign-in'.</msg>
<status status="PASS" starttime="20200701 13:18:17.320" endtime="20200701 13:18:17.420"></status>
</kw>
<status status="PASS" starttime="20200701 13:18:17.320" endtime="20200701 13:18:17.420"></status>
</kw>
<kw name="Então é exibida a mensagem de erro de autenticação do e-mail" library="login_kw">
<kw name="Sleep" library="BuiltIn">
<doc>Pauses the test executed for the given time.</doc>
<arguments>
<arg>3</arg>
</arguments>
<msg timestamp="20200701 13:18:20.423" level="INFO">Slept 3 seconds</msg>
<status status="PASS" starttime="20200701 13:18:17.421" endtime="20200701 13:18:20.424"></status>
</kw>
<kw name="Page Should Contain" library="SeleniumLibrary">
<doc>Verifies that current page contains ``text``.</doc>
<arguments>
<arg>E-mail não encontrado</arg>
</arguments>
<msg timestamp="20200701 13:18:20.469" level="INFO">Current page contains text 'E-mail não encontrado'.</msg>
<status status="PASS" starttime="20200701 13:18:20.424" endtime="20200701 13:18:20.469"></status>
</kw>
<status status="PASS" starttime="20200701 13:18:17.420" endtime="20200701 13:18:20.470"></status>
</kw>
<kw name="Run Keywords" library="BuiltIn" type="teardown">
<doc>Executes all the given keywords in a sequence.</doc>
<arguments>
<arg>Capture Page Screenshot</arg>
<arg>AND</arg>
<arg>Close Browser</arg>
</arguments>
<kw name="Capture Page Screenshot" library="SeleniumLibrary">
<doc>Takes a screenshot of the current page and embeds it into a log file.</doc>
<msg timestamp="20200701 13:18:21.147" level="INFO" html="yes">&lt;/td&gt;&lt;/tr&gt;&lt;tr&gt;&lt;td colspan="3"&gt;&lt;a href="selenium-screenshot-2.png"&gt;&lt;img src="selenium-screenshot-2.png" width="800px"&gt;&lt;/a&gt;</msg>
<status status="PASS" starttime="20200701 13:18:20.471" endtime="20200701 13:18:21.147"></status>
</kw>
<kw name="Close Browser" library="SeleniumLibrary">
<doc>Closes the current browser.</doc>
<status status="PASS" starttime="20200701 13:18:21.147" endtime="20200701 13:18:23.256"></status>
</kw>
<status status="PASS" starttime="20200701 13:18:20.470" endtime="20200701 13:18:23.256"></status>
</kw>
<tags>
<tag>login</tag>
<tag>login_email_invalido</tag>
</tags>
<status status="PASS" starttime="20200701 13:18:09.288" endtime="20200701 13:18:23.258" critical="yes"></status>
</test>
<test id="s1-s1-t3" name="Scenario: Login com senha inválida">
<kw name="Run Keywords" library="BuiltIn" type="setup">
<doc>Executes all the given keywords in a sequence.</doc>
<arguments>
<arg>Start Browser</arg>
<arg>AND</arg>
<arg>Maximize Browser Window</arg>
<arg>AND</arg>
<arg>Click Age Gate Button Yes</arg>
<arg>AND</arg>
<arg>Dado que estou na página de login</arg>
</arguments>
<kw name="Start Browser" library="commons">
<kw name="Open Browser" library="SeleniumLibrary">
<doc>Opens a new browser instance to the optional ``url``.</doc>
<arguments>
<arg>${URL_HOME}</arg>
<arg>${BROWSER}</arg>
</arguments>
<msg timestamp="20200701 13:18:23.272" level="INFO">Opening browser 'chrome' to base url 'https://www.ze.delivery/'.</msg>
<status status="PASS" starttime="20200701 13:18:23.271" endtime="20200701 13:18:27.622"></status>
</kw>
<status status="PASS" starttime="20200701 13:18:23.270" endtime="20200701 13:18:27.622"></status>
</kw>
<kw name="Maximize Browser Window" library="SeleniumLibrary">
<doc>Maximizes current browser window.</doc>
<status status="PASS" starttime="20200701 13:18:27.623" endtime="20200701 13:18:29.749"></status>
</kw>
<kw name="Click Age Gate Button Yes" library="login">
<doc>Clicar no botão Sim do modal</doc>
<msg timestamp="20200701 13:18:29.771" level="INFO">Clicking button 'id=age-gate-button-yes'.</msg>
<status status="PASS" starttime="20200701 13:18:29.750" endtime="20200701 13:18:29.817"></status>
</kw>
<kw name="Dado que estou na página de login" library="login_kw">
<kw name="Click Enter Button" library="login">
<doc>Clicar no botão Entrar</doc>
<msg timestamp="20200701 13:18:30.309" level="INFO">Clicking button 'id=welcome-button-sign-in'.</msg>
<status status="PASS" starttime="20200701 13:18:29.818" endtime="20200701 13:18:30.486"></status>
</kw>
<status status="PASS" starttime="20200701 13:18:29.818" endtime="20200701 13:18:30.486"></status>
</kw>
<status status="PASS" starttime="20200701 13:18:23.269" endtime="20200701 13:18:30.486"></status>
</kw>
<kw name="Quando selecionar a opção entrar com e-mail" library="login_kw">
<kw name="Click Enter Create Email" library="login">
<doc>Clicar no botão Entrar Com E-mail</doc>
<msg timestamp="20200701 13:18:33.077" level="INFO">Clicking button 'id=login-home-email-button-sign-in'.</msg>
<status status="PASS" starttime="20200701 13:18:30.487" endtime="20200701 13:18:33.245"></status>
</kw>
<status status="PASS" starttime="20200701 13:18:30.487" endtime="20200701 13:18:33.245"></status>
</kw>
<kw name="E preencher email válido com senha inválida" library="login_kw">
<kw name="Enter Email" library="login">
<doc>Inserir e-mail</doc>
<arguments>
<arg>${USER}</arg>
</arguments>
<msg timestamp="20200701 13:18:33.329" level="INFO">Typing text 'renata.31@hotmail.com' into text field 'id=login-mail-input-email'.</msg>
<status status="PASS" starttime="20200701 13:18:33.246" endtime="20200701 13:18:33.569"></status>
</kw>
<kw name="Enter Password" library="login">
<doc>Inserir senha</doc>
<arguments>
<arg>${INVALID_PASS}</arg>
</arguments>
<msg timestamp="20200701 13:18:33.592" level="INFO">Typing text '12345678' into text field 'id=login-mail-input-password'.</msg>
<status status="PASS" starttime="20200701 13:18:33.570" endtime="20200701 13:18:33.721"></status>
</kw>
<status status="PASS" starttime="20200701 13:18:33.245" endtime="20200701 13:18:33.721"></status>
</kw>
<kw name="E clicar em Entrar" library="login_kw">
<kw name="Click Login Enter Button" library="login">
<doc>Clicar no botão Entrar</doc>
<msg timestamp="20200701 13:18:33.741" level="INFO">Clicking button 'id=login-mail-button-sign-in'.</msg>
<status status="PASS" starttime="20200701 13:18:33.722" endtime="20200701 13:18:33.819"></status>
</kw>
<status status="PASS" starttime="20200701 13:18:33.722" endtime="20200701 13:18:33.819"></status>
</kw>
<kw name="Então é exibida a mensagem de erro de autenticação da senha" library="login_kw">
<kw name="Sleep" library="BuiltIn">
<doc>Pauses the test executed for the given time.</doc>
<arguments>
<arg>3</arg>
</arguments>
<msg timestamp="20200701 13:18:36.821" level="INFO">Slept 3 seconds</msg>
<status status="PASS" starttime="20200701 13:18:33.819" endtime="20200701 13:18:36.821"></status>
</kw>
<kw name="Page Should Contain" library="SeleniumLibrary">
<doc>Verifies that current page contains ``text``.</doc>
<arguments>
<arg>Senha inválida</arg>
</arguments>
<msg timestamp="20200701 13:18:36.874" level="INFO">Current page contains text 'Senha inválida'.</msg>
<status status="PASS" starttime="20200701 13:18:36.821" endtime="20200701 13:18:36.875"></status>
</kw>
<status status="PASS" starttime="20200701 13:18:33.819" endtime="20200701 13:18:36.875"></status>
</kw>
<kw name="Run Keywords" library="BuiltIn" type="teardown">
<doc>Executes all the given keywords in a sequence.</doc>
<arguments>
<arg>Capture Page Screenshot</arg>
<arg>AND</arg>
<arg>Close Browser</arg>
</arguments>
<kw name="Capture Page Screenshot" library="SeleniumLibrary">
<doc>Takes a screenshot of the current page and embeds it into a log file.</doc>
<msg timestamp="20200701 13:18:37.812" level="INFO" html="yes">&lt;/td&gt;&lt;/tr&gt;&lt;tr&gt;&lt;td colspan="3"&gt;&lt;a href="selenium-screenshot-3.png"&gt;&lt;img src="selenium-screenshot-3.png" width="800px"&gt;&lt;/a&gt;</msg>
<status status="PASS" starttime="20200701 13:18:36.879" endtime="20200701 13:18:37.813"></status>
</kw>
<kw name="Close Browser" library="SeleniumLibrary">
<doc>Closes the current browser.</doc>
<status status="PASS" starttime="20200701 13:18:37.813" endtime="20200701 13:18:39.918"></status>
</kw>
<status status="PASS" starttime="20200701 13:18:36.878" endtime="20200701 13:18:39.918"></status>
</kw>
<tags>
<tag>login</tag>
<tag>login_senha_invalida</tag>
</tags>
<status status="PASS" starttime="20200701 13:18:23.266" endtime="20200701 13:18:39.920" critical="yes"></status>
</test>
<test id="s1-s1-t4" name="Scenario: Login em branco">
<kw name="Run Keywords" library="BuiltIn" type="setup">
<doc>Executes all the given keywords in a sequence.</doc>
<arguments>
<arg>Start Browser</arg>
<arg>AND</arg>
<arg>Maximize Browser Window</arg>
<arg>AND</arg>
<arg>Click Age Gate Button Yes</arg>
<arg>AND</arg>
<arg>Dado que estou na página de login</arg>
</arguments>
<kw name="Start Browser" library="commons">
<kw name="Open Browser" library="SeleniumLibrary">
<doc>Opens a new browser instance to the optional ``url``.</doc>
<arguments>
<arg>${URL_HOME}</arg>
<arg>${BROWSER}</arg>
</arguments>
<msg timestamp="20200701 13:18:39.935" level="INFO">Opening browser 'chrome' to base url 'https://www.ze.delivery/'.</msg>
<status status="PASS" starttime="20200701 13:18:39.934" endtime="20200701 13:18:44.702"></status>
</kw>
<status status="PASS" starttime="20200701 13:18:39.933" endtime="20200701 13:18:44.702"></status>
</kw>
<kw name="Maximize Browser Window" library="SeleniumLibrary">
<doc>Maximizes current browser window.</doc>
<status status="PASS" starttime="20200701 13:18:44.702" endtime="20200701 13:18:46.824"></status>
</kw>
<kw name="Click Age Gate Button Yes" library="login">
<doc>Clicar no botão Sim do modal</doc>
<msg timestamp="20200701 13:18:46.849" level="INFO">Clicking button 'id=age-gate-button-yes'.</msg>
<status status="PASS" starttime="20200701 13:18:46.825" endtime="20200701 13:18:46.916"></status>
</kw>
<kw name="Dado que estou na página de login" library="login_kw">
<kw name="Click Enter Button" library="login">
<doc>Clicar no botão Entrar</doc>
<msg timestamp="20200701 13:18:47.394" level="INFO">Clicking button 'id=welcome-button-sign-in'.</msg>
<status status="PASS" starttime="20200701 13:18:46.917" endtime="20200701 13:18:47.482"></status>
</kw>
<status status="PASS" starttime="20200701 13:18:46.917" endtime="20200701 13:18:47.482"></status>
</kw>
<status status="PASS" starttime="20200701 13:18:39.932" endtime="20200701 13:18:47.482"></status>
</kw>
<kw name="Quando selecionar a opção entrar com e-mail" library="login_kw">
<kw name="Click Enter Create Email" library="login">
<doc>Clicar no botão Entrar Com E-mail</doc>
<msg timestamp="20200701 13:18:47.725" level="INFO">Clicking button 'id=login-home-email-button-sign-in'.</msg>
<status status="PASS" starttime="20200701 13:18:47.483" endtime="20200701 13:18:47.811"></status>
</kw>
<status status="PASS" starttime="20200701 13:18:47.483" endtime="20200701 13:18:47.811"></status>
</kw>
<kw name="E não preencher email e senha" library="login_kw">
<kw name="Textfield Value Should Be" library="SeleniumLibrary">
<doc>Verifies text field ``locator`` has exactly text ``expected``.</doc>
<arguments>
<arg>id=login-mail-input-email</arg>
<arg>${EMPTY}</arg>
</arguments>
<msg timestamp="20200701 13:18:47.839" level="INFO">Content of text field 'id=login-mail-input-email' is ''.</msg>
<status status="PASS" starttime="20200701 13:18:47.812" endtime="20200701 13:18:47.839"></status>
</kw>
<kw name="Textfield Value Should Be" library="SeleniumLibrary">
<doc>Verifies text field ``locator`` has exactly text ``expected``.</doc>
<arguments>
<arg>id=login-mail-input-password</arg>
<arg>${EMPTY}</arg>
</arguments>
<msg timestamp="20200701 13:18:47.859" level="INFO">Content of text field 'id=login-mail-input-password' is ''.</msg>
<status status="PASS" starttime="20200701 13:18:47.840" endtime="20200701 13:18:47.859"></status>
</kw>
<status status="PASS" starttime="20200701 13:18:47.812" endtime="20200701 13:18:47.860"></status>
</kw>
<kw name="Então o botão Entrar permanece desabilitado" library="login_kw">
<kw name="Element Should Be Disabled" library="SeleniumLibrary">
<doc>Verifies that element identified by ``locator`` is disabled.</doc>
<arguments>
<arg>id=login-mail-button-sign-in</arg>
</arguments>
<status status="PASS" starttime="20200701 13:18:47.860" endtime="20200701 13:18:47.876"></status>
</kw>
<status status="PASS" starttime="20200701 13:18:47.860" endtime="20200701 13:18:47.876"></status>
</kw>
<kw name="Run Keywords" library="BuiltIn" type="teardown">
<doc>Executes all the given keywords in a sequence.</doc>
<arguments>
<arg>Capture Page Screenshot</arg>
<arg>AND</arg>
<arg>Close Browser</arg>
</arguments>
<kw name="Capture Page Screenshot" library="SeleniumLibrary">
<doc>Takes a screenshot of the current page and embeds it into a log file.</doc>
<msg timestamp="20200701 13:18:48.768" level="INFO" html="yes">&lt;/td&gt;&lt;/tr&gt;&lt;tr&gt;&lt;td colspan="3"&gt;&lt;a href="selenium-screenshot-4.png"&gt;&lt;img src="selenium-screenshot-4.png" width="800px"&gt;&lt;/a&gt;</msg>
<status status="PASS" starttime="20200701 13:18:47.877" endtime="20200701 13:18:48.768"></status>
</kw>
<kw name="Close Browser" library="SeleniumLibrary">
<doc>Closes the current browser.</doc>
<status status="PASS" starttime="20200701 13:18:48.768" endtime="20200701 13:18:50.895"></status>
</kw>
<status status="PASS" starttime="20200701 13:18:47.876" endtime="20200701 13:18:50.895"></status>
</kw>
<tags>
<tag>login</tag>
<tag>login_em_branco</tag>
</tags>
<status status="PASS" starttime="20200701 13:18:39.929" endtime="20200701 13:18:50.895" critical="yes"></status>
</test>
<test id="s1-s1-t5" name="Scenário: Deslogar usuário com sucesso">
<kw name="Run Keywords" library="BuiltIn" type="setup">
<doc>Executes all the given keywords in a sequence.</doc>
<arguments>
<arg>Start Browser</arg>
<arg>AND</arg>
<arg>Maximize Browser Window</arg>
<arg>AND</arg>
<arg>Click Age Gate Button Yes</arg>
<arg>AND</arg>
<arg>Dado que estou na página de login</arg>
</arguments>
<kw name="Start Browser" library="commons">
<kw name="Open Browser" library="SeleniumLibrary">
<doc>Opens a new browser instance to the optional ``url``.</doc>
<arguments>
<arg>${URL_HOME}</arg>
<arg>${BROWSER}</arg>
</arguments>
<msg timestamp="20200701 13:18:50.904" level="INFO">Opening browser 'chrome' to base url 'https://www.ze.delivery/'.</msg>
<status status="PASS" starttime="20200701 13:18:50.903" endtime="20200701 13:18:56.142"></status>
</kw>
<status status="PASS" starttime="20200701 13:18:50.903" endtime="20200701 13:18:56.142"></status>
</kw>
<kw name="Maximize Browser Window" library="SeleniumLibrary">
<doc>Maximizes current browser window.</doc>
<status status="PASS" starttime="20200701 13:18:56.143" endtime="20200701 13:18:58.264"></status>
</kw>
<kw name="Click Age Gate Button Yes" library="login">
<doc>Clicar no botão Sim do modal</doc>
<msg timestamp="20200701 13:18:58.289" level="INFO">Clicking button 'id=age-gate-button-yes'.</msg>
<status status="PASS" starttime="20200701 13:18:58.265" endtime="20200701 13:18:58.365"></status>
</kw>
<kw name="Dado que estou na página de login" library="login_kw">
<kw name="Click Enter Button" library="login">
<doc>Clicar no botão Entrar</doc>
<msg timestamp="20200701 13:18:58.825" level="INFO">Clicking button 'id=welcome-button-sign-in'.</msg>
<status status="PASS" starttime="20200701 13:18:58.365" endtime="20200701 13:18:58.900"></status>
</kw>
<status status="PASS" starttime="20200701 13:18:58.365" endtime="20200701 13:18:58.900"></status>
</kw>
<status status="PASS" starttime="20200701 13:18:50.902" endtime="20200701 13:18:58.900"></status>
</kw>
<kw name="Dado que esteja logado no site" library="login_kw">
<kw name="Click Enter Create Email" library="login">
<doc>Clicar no botão Entrar Com E-mail</doc>
<msg timestamp="20200701 13:18:59.140" level="INFO">Clicking button 'id=login-home-email-button-sign-in'.</msg>
<status status="PASS" starttime="20200701 13:18:58.901" endtime="20200701 13:18:59.217"></status>
</kw>
<kw name="Enter Email" library="login">
<doc>Inserir e-mail</doc>
<arguments>
<arg>${USER}</arg>
</arguments>
<msg timestamp="20200701 13:18:59.236" level="INFO">Typing text 'renata.31@hotmail.com' into text field 'id=login-mail-input-email'.</msg>
<status status="PASS" starttime="20200701 13:18:59.217" endtime="20200701 13:18:59.401"></status>
</kw>
<kw name="Enter Password" library="login">
<doc>Inserir senha</doc>
<arguments>
<arg>${PASS}</arg>
</arguments>
<msg timestamp="20200701 13:18:59.420" level="INFO">Typing text 'Teste123ze' into text field 'id=login-mail-input-password'.</msg>
<status status="PASS" starttime="20200701 13:18:59.401" endtime="20200701 13:18:59.541"></status>
</kw>
<kw name="Click Login Enter Button" library="login">
<doc>Clicar no botão Entrar</doc>
<msg timestamp="20200701 13:18:59.563" level="INFO">Clicking button 'id=login-mail-button-sign-in'.</msg>
<status status="PASS" starttime="20200701 13:18:59.542" endtime="20200701 13:18:59.651"></status>
</kw>
<kw name="Sleep" library="BuiltIn">
<doc>Pauses the test executed for the given time.</doc>
<arguments>
<arg>3</arg>
</arguments>
<msg timestamp="20200701 13:19:02.652" level="INFO">Slept 3 seconds</msg>
<status status="PASS" starttime="20200701 13:18:59.651" endtime="20200701 13:19:02.652"></status>
</kw>
<kw name="Page Should Contain" library="SeleniumLibrary">
<doc>Verifies that current page contains ``text``.</doc>
<arguments>
<arg>Sucesso</arg>
</arguments>
<msg timestamp="20200701 13:19:02.731" level="INFO">Current page contains text 'Sucesso'.</msg>
<status status="PASS" starttime="20200701 13:19:02.653" endtime="20200701 13:19:02.731"></status>
</kw>
<status status="PASS" starttime="20200701 13:18:58.901" endtime="20200701 13:19:02.732"></status>
</kw>
<kw name="E acessar o menu Conta e Pedidos" library="login_kw">
<kw name="Click Contas Pedidos Link" library="contasPedidos">
<doc>Clicar no menu Contas e Pedidos</doc>
<msg timestamp="20200701 13:19:02.760" level="INFO">Clicking link 'class=css-6e10nj-textBase-account'.</msg>
<status status="PASS" starttime="20200701 13:19:02.733" endtime="20200701 13:19:02.834"></status>
</kw>
<status status="PASS" starttime="20200701 13:19:02.732" endtime="20200701 13:19:02.834"></status>
</kw>
<kw name="E deslogar o usuário" library="login_kw">
<kw name="Click Contas Pedidos Sair" library="contasPedidos">
<doc>Clicar na opção Sair</doc>
<msg timestamp="20200701 13:19:02.859" level="INFO">Clicking element 'id=logout-button'.</msg>
<status status="PASS" starttime="20200701 13:19:02.835" endtime="20200701 13:19:02.956"></status>
</kw>
<kw name="Click Modal Sair" library="contasPedidos">
<doc>Clicar no botão Sim, quero sair do modal</doc>
<msg timestamp="20200701 13:19:03.446" level="INFO">Clicking button 'id=primary-modal-button'.</msg>
<status status="PASS" starttime="20200701 13:19:02.957" endtime="20200701 13:19:03.639"></status>
</kw>
<status status="PASS" starttime="20200701 13:19:02.835" endtime="20200701 13:19:03.639"></status>
</kw>
<kw name="Então é exibida a mensagem de sessão encerrada com sucesso" library="login_kw">
<kw name="Sleep" library="BuiltIn">
<doc>Pauses the test executed for the given time.</doc>
<arguments>
<arg>3</arg>
</arguments>
<msg timestamp="20200701 13:19:06.641" level="INFO">Slept 3 seconds</msg>
<status status="PASS" starttime="20200701 13:19:03.640" endtime="20200701 13:19:06.642"></status>
</kw>
<kw name="Page Should Contain" library="SeleniumLibrary">
<doc>Verifies that current page contains ``text``.</doc>
<arguments>
<arg>Sucesso</arg>
</arguments>
<msg timestamp="20200701 13:19:06.684" level="INFO">Current page contains text 'Sucesso'.</msg>
<status status="PASS" starttime="20200701 13:19:06.642" endtime="20200701 13:19:06.684"></status>
</kw>
<status status="PASS" starttime="20200701 13:19:03.639" endtime="20200701 13:19:06.685"></status>
</kw>
<kw name="Run Keywords" library="BuiltIn" type="teardown">
<doc>Executes all the given keywords in a sequence.</doc>
<arguments>
<arg>Capture Page Screenshot</arg>
<arg>AND</arg>
<arg>Close Browser</arg>
</arguments>
<kw name="Capture Page Screenshot" library="SeleniumLibrary">
<doc>Takes a screenshot of the current page and embeds it into a log file.</doc>
<msg timestamp="20200701 13:19:07.634" level="INFO" html="yes">&lt;/td&gt;&lt;/tr&gt;&lt;tr&gt;&lt;td colspan="3"&gt;&lt;a href="selenium-screenshot-5.png"&gt;&lt;img src="selenium-screenshot-5.png" width="800px"&gt;&lt;/a&gt;</msg>
<status status="PASS" starttime="20200701 13:19:06.689" endtime="20200701 13:19:07.634"></status>
</kw>
<kw name="Close Browser" library="SeleniumLibrary">
<doc>Closes the current browser.</doc>
<status status="PASS" starttime="20200701 13:19:07.635" endtime="20200701 13:19:09.747"></status>
</kw>
<status status="PASS" starttime="20200701 13:19:06.687" endtime="20200701 13:19:09.748"></status>
</kw>
<tags>
<tag>deslogar_usuario_com_sucesso</tag>
<tag>login</tag>
</tags>
<status status="PASS" starttime="20200701 13:18:50.901" endtime="20200701 13:19:09.750" critical="yes"></status>
</test>
<status status="PASS" starttime="20200701 13:17:55.415" endtime="20200701 13:19:09.761"></status>
</suite>
<status status="PASS" starttime="20200701 13:17:55.396" endtime="20200701 13:19:09.803"></status>
</suite>
<statistics>
<total>
<stat pass="5" fail="0">Critical Tests</stat>
<stat pass="5" fail="0">All Tests</stat>
</total>
<tag>
<stat pass="1" fail="0">deslogar_usuario_com_sucesso</stat>
<stat pass="5" fail="0">login</stat>
<stat pass="1" fail="0">login_com_sucesso</stat>
<stat pass="1" fail="0">login_email_invalido</stat>
<stat pass="1" fail="0">login_em_branco</stat>
<stat pass="1" fail="0">login_senha_invalida</stat>
</tag>
<suite>
<stat pass="5" fail="0" id="s1" name="Tests">Tests</stat>
<stat pass="5" fail="0" id="s1-s1" name="Login">Tests.Login</stat>
</suite>
</statistics>
<errors>
</errors>
</robot>
